2026-02-16 13:21:30,897 INFO: DMARC Analyzer startup [in D:\dmarc-analyzer\backend\app.py:48]
2026-02-16 13:21:30,897 INFO: Starting Flask server on port 5000 [in D:\dmarc-analyzer\backend\app.py:187]
2026-02-16 13:21:30,904 INFO: [31m[1mWARNING: This is a development server. Do not use it in a production deployment. Use a production WSGI server instead.[0m
 * Running on all addresses (0.0.0.0)
 * Running on http://127.0.0.1:5000
 * Running on http://192.168.1.132:5000 [in D:\dmarc-analyzer\backend\venv\lib\site-packages\werkzeug\_internal.py:96]
2026-02-16 13:21:30,904 INFO: [33mPress CTRL+C to quit[0m [in D:\dmarc-analyzer\backend\venv\lib\site-packages\werkzeug\_internal.py:96]
2026-02-16 13:21:30,904 INFO:  * Restarting with stat [in D:\dmarc-analyzer\backend\venv\lib\site-packages\werkzeug\_internal.py:96]
2026-02-16 13:21:31,047 INFO: DMARC Analyzer startup [in D:\dmarc-analyzer\backend\app.py:48]
2026-02-16 13:21:31,047 INFO: Starting Flask server on port 5000 [in D:\dmarc-analyzer\backend\app.py:187]
2026-02-16 13:21:31,053 WARNING:  * Debugger is active! [in D:\dmarc-analyzer\backend\venv\lib\site-packages\werkzeug\_internal.py:96]
2026-02-16 13:21:31,053 INFO:  * Debugger PIN: 145-752-726 [in D:\dmarc-analyzer\backend\venv\lib\site-packages\werkzeug\_internal.py:96]
2026-02-16 13:21:53,440 INFO: Upload request received [in D:\dmarc-analyzer\backend\app.py:86]
2026-02-16 13:21:53,442 INFO: Received 4 file(s) [in D:\dmarc-analyzer\backend\app.py:94]
2026-02-16 13:21:53,442 INFO: Created session directory: C:\Users\Owner\AppData\Local\Temp\tmp1idshpyo\tmpn1einr53 [in D:\dmarc-analyzer\backend\app.py:110]
2026-02-16 13:21:53,444 INFO: Saved file: secureserver.netmusaffa.com17703290391770329039.xml [in D:\dmarc-analyzer\backend\app.py:129]
2026-02-16 13:21:53,445 INFO: Saved file: protection.outlook.commusaffa.com17710272001771113600.xml [in D:\dmarc-analyzer\backend\app.py:129]
2026-02-16 13:21:53,445 INFO: Saved file: mail.commusaffa.com17711136001771199999128e03b866cf4c2988d6a3a1d58c9e4d.xml [in D:\dmarc-analyzer\backend\app.py:129]
2026-02-16 13:21:53,445 INFO: Saved file: enterprise.protection.outlook.commusaffa.com17710272001771113600.xml [in D:\dmarc-analyzer\backend\app.py:129]
2026-02-16 13:21:53,447 INFO: Processing 4 file(s) [in D:\dmarc-analyzer\backend\app.py:140]
2026-02-16 13:21:53,447 INFO: Found 4 XML file(s) to process [in D:\dmarc-analyzer\backend\dmarc_processor.py:31]
2026-02-16 13:21:53,447 INFO: Successfully parsed: secureserver.netmusaffa.com17703290391770329039.xml [in D:\dmarc-analyzer\backend\dmarc_processor.py:48]
2026-02-16 13:21:53,452 INFO: Successfully parsed: protection.outlook.commusaffa.com17710272001771113600.xml [in D:\dmarc-analyzer\backend\dmarc_processor.py:48]
2026-02-16 13:21:53,453 INFO: Successfully parsed: mail.commusaffa.com17711136001771199999128e03b866cf4c2988d6a3a1d58c9e4d.xml [in D:\dmarc-analyzer\backend\dmarc_processor.py:48]
2026-02-16 13:21:53,453 INFO: Successfully parsed: enterprise.protection.outlook.commusaffa.com17710272001771113600.xml [in D:\dmarc-analyzer\backend\dmarc_processor.py:48]
2026-02-16 13:21:53,865 INFO: Cleaning up temporary files [in D:\dmarc-analyzer\backend\app.py:144]
2026-02-16 13:21:53,869 INFO: Successfully processed 4 file(s) [in D:\dmarc-analyzer\backend\app.py:151]
2026-02-16 13:21:53,871 INFO: 127.0.0.1 - - [16/Feb/2026 13:21:53] "POST /api/upload HTTP/1.1" 200 - [in D:\dmarc-analyzer\backend\venv\lib\site-packages\werkzeug\_internal.py:96]
2026-02-16 13:26:42,250 INFO: DMARC Analyzer startup [in D:\dmarc-analyzer\backend\app.py:48]
2026-02-16 13:26:42,251 INFO: Starting Flask server on port 5000 [in D:\dmarc-analyzer\backend\app.py:187]
2026-02-16 13:26:42,254 INFO: [31m[1mWARNING: This is a development server. Do not use it in a production deployment. Use a production WSGI server instead.[0m
 * Running on all addresses (0.0.0.0)
 * Running on http://127.0.0.1:5000
 * Running on http://192.168.1.132:5000 [in D:\dmarc-analyzer\backend\venv\lib\site-packages\werkzeug\_internal.py:96]
2026-02-16 13:26:42,254 INFO: [33mPress CTRL+C to quit[0m [in D:\dmarc-analyzer\backend\venv\lib\site-packages\werkzeug\_internal.py:96]
2026-02-16 13:26:42,254 INFO:  * Restarting with stat [in D:\dmarc-analyzer\backend\venv\lib\site-packages\werkzeug\_internal.py:96]
2026-02-16 13:26:42,389 INFO: DMARC Analyzer startup [in D:\dmarc-analyzer\backend\app.py:48]
2026-02-16 13:26:42,389 INFO: Starting Flask server on port 5000 [in D:\dmarc-analyzer\backend\app.py:187]
2026-02-16 13:26:42,389 WARNING:  * Debugger is active! [in D:\dmarc-analyzer\backend\venv\lib\site-packages\werkzeug\_internal.py:96]
2026-02-16 13:26:42,389 INFO:  * Debugger PIN: 145-752-726 [in D:\dmarc-analyzer\backend\venv\lib\site-packages\werkzeug\_internal.py:96]
2026-02-16 13:27:13,836 INFO: Upload request received [in D:\dmarc-analyzer\backend\app.py:86]
2026-02-16 13:27:13,838 INFO: Received 4 file(s) [in D:\dmarc-analyzer\backend\app.py:94]
2026-02-16 13:27:13,838 INFO: Created session directory: C:\Users\Owner\AppData\Local\Temp\tmpgq_fb4e0\tmpkwseuywm [in D:\dmarc-analyzer\backend\app.py:110]
2026-02-16 13:27:13,839 INFO: Saved file: secureserver.netmusaffa.com17703290391770329039.xml [in D:\dmarc-analyzer\backend\app.py:129]
2026-02-16 13:27:13,840 INFO: Saved file: protection.outlook.commusaffa.com17710272001771113600.xml [in D:\dmarc-analyzer\backend\app.py:129]
2026-02-16 13:27:13,841 INFO: Saved file: mail.commusaffa.com17711136001771199999128e03b866cf4c2988d6a3a1d58c9e4d.xml [in D:\dmarc-analyzer\backend\app.py:129]
2026-02-16 13:27:13,841 INFO: Saved file: enterprise.protection.outlook.commusaffa.com17710272001771113600.xml [in D:\dmarc-analyzer\backend\app.py:129]
2026-02-16 13:27:13,841 INFO: Processing 4 file(s) [in D:\dmarc-analyzer\backend\app.py:140]
2026-02-16 13:27:13,842 INFO: Found 4 XML file(s) to process [in D:\dmarc-analyzer\backend\dmarc_processor.py:31]
2026-02-16 13:27:13,842 INFO: Successfully parsed: secureserver.netmusaffa.com17703290391770329039.xml [in D:\dmarc-analyzer\backend\dmarc_processor.py:48]
2026-02-16 13:27:13,844 INFO: Successfully parsed: protection.outlook.commusaffa.com17710272001771113600.xml [in D:\dmarc-analyzer\backend\dmarc_processor.py:48]
2026-02-16 13:27:13,845 INFO: Successfully parsed: mail.commusaffa.com17711136001771199999128e03b866cf4c2988d6a3a1d58c9e4d.xml [in D:\dmarc-analyzer\backend\dmarc_processor.py:48]
2026-02-16 13:27:13,846 INFO: Successfully parsed: enterprise.protection.outlook.commusaffa.com17710272001771113600.xml [in D:\dmarc-analyzer\backend\dmarc_processor.py:48]
2026-02-16 13:27:13,873 INFO: Cleaning up temporary files [in D:\dmarc-analyzer\backend\app.py:144]
2026-02-16 13:27:13,874 INFO: Successfully processed 4 file(s) [in D:\dmarc-analyzer\backend\app.py:151]
2026-02-16 13:27:13,875 INFO: 127.0.0.1 - - [16/Feb/2026 13:27:13] "POST /api/upload HTTP/1.1" 200 - [in D:\dmarc-analyzer\backend\venv\lib\site-packages\werkzeug\_internal.py:96]
2026-02-16 13:32:34,960 INFO: Upload request received [in D:\dmarc-analyzer\backend\app.py:86]
2026-02-16 13:32:34,961 INFO: Received 4 file(s) [in D:\dmarc-analyzer\backend\app.py:94]
2026-02-16 13:32:34,963 INFO: Created session directory: C:\Users\Owner\AppData\Local\Temp\tmpgq_fb4e0\tmpcpk726n9 [in D:\dmarc-analyzer\backend\app.py:110]
2026-02-16 13:32:34,963 INFO: Saved file: secureserver.netmusaffa.com17703290391770329039.xml [in D:\dmarc-analyzer\backend\app.py:129]
2026-02-16 13:32:34,964 INFO: Saved file: protection.outlook.commusaffa.com17710272001771113600.xml [in D:\dmarc-analyzer\backend\app.py:129]
2026-02-16 13:32:34,965 INFO: Saved file: mail.commusaffa.com17711136001771199999128e03b866cf4c2988d6a3a1d58c9e4d.xml [in D:\dmarc-analyzer\backend\app.py:129]
2026-02-16 13:32:34,966 INFO: Saved file: enterprise.protection.outlook.commusaffa.com17710272001771113600.xml [in D:\dmarc-analyzer\backend\app.py:129]
2026-02-16 13:32:34,966 INFO: Processing 4 file(s) [in D:\dmarc-analyzer\backend\app.py:140]
2026-02-16 13:32:34,966 INFO: Found 4 XML file(s) to process [in D:\dmarc-analyzer\backend\dmarc_processor.py:31]
2026-02-16 13:32:34,967 INFO: Successfully parsed: secureserver.netmusaffa.com17703290391770329039.xml [in D:\dmarc-analyzer\backend\dmarc_processor.py:48]
2026-02-16 13:32:34,969 INFO: Successfully parsed: protection.outlook.commusaffa.com17710272001771113600.xml [in D:\dmarc-analyzer\backend\dmarc_processor.py:48]
2026-02-16 13:32:34,969 INFO: Successfully parsed: mail.commusaffa.com17711136001771199999128e03b866cf4c2988d6a3a1d58c9e4d.xml [in D:\dmarc-analyzer\backend\dmarc_processor.py:48]
2026-02-16 13:32:34,970 INFO: Successfully parsed: enterprise.protection.outlook.commusaffa.com17710272001771113600.xml [in D:\dmarc-analyzer\backend\dmarc_processor.py:48]
2026-02-16 13:32:35,004 INFO: Cleaning up temporary files [in D:\dmarc-analyzer\backend\app.py:144]
2026-02-16 13:32:35,006 INFO: Successfully processed 4 file(s) [in D:\dmarc-analyzer\backend\app.py:151]
2026-02-16 13:32:35,007 INFO: 127.0.0.1 - - [16/Feb/2026 13:32:35] "POST /api/upload HTTP/1.1" 200 - [in D:\dmarc-analyzer\backend\venv\lib\site-packages\werkzeug\_internal.py:96]
